Arguments: 
  C:\Program Files\nodejs\node.exe C:\Program Files (x86)\Yarn\bin\yarn.js

PATH: 
  C:\Program Files (x86)\Intel\Intel(R) Management Engine Components\iCLS\;C:\Program Files\Intel\Intel(R) Management Engine Components\iCLS\;C:\Windows\system32;C:\Windows;C:\Windows\System32\Wbem;C:\Windows\System32\WindowsPowerShell\v1.0\;C:\Windows\System32\OpenSSH\;C:\Program Files (x86)\Intel\Intel(R) Management Engine Components\DAL;C:\Program Files\Intel\Intel(R) Management Engine Components\DAL;C:\Program Files (x86)\Intel\Intel(R) Management Engine Components\IPT;C:\Program Files\Intel\Intel(R) Management Engine Components\IPT;C:\Program Files (x86)\NVIDIA Corporation\PhysX\Common;C:\Program Files\NVIDIA Corporation\NVIDIA NvDLISR;C:\Program Files (x86)\Java\jdk1.8.0_121\bin;C:\WINDOWS\system32;C:\WINDOWS;C:\WINDOWS\System32\Wbem;C:\WINDOWS\System32\WindowsPowerShell\v1.0\;C:\WINDOWS\System32\OpenSSH\;C:\Program Files\Microsoft SQL Server\110\DTS\Binn\;C:\Program Files (x86)\Microsoft SQL Server\110\Tools\Binn\;C:\Program Files\Microsoft SQL Server\110\Tools\Binn\;C:\Program Files (x86)\Microsoft SQL Server\110\Tools\Binn\ManagementStudio\;C:\Program Files (x86)\Microsoft Visual Studio 10.0\Common7\IDE\PrivateAssemblies\;C:\Program Files (x86)\Microsoft SQL Server\110\DTS\Binn\;C:\Program Files\nodejs\;C:\Program Files\Git\cmd;C:\Program Files\MySQL\MySQL Server 8.0\bin;C:\Program Files (x86)\Yarn\bin\;C:\Users\FWJ\AppData\Local\Android\Sdk\platform-tools;C:\Users\FWJ\AppData\Local\Android\Sdk\platform-tools;C:\Users\FWJ\AppData\Local\Android\Sdk\emulator;C:\Users\FWJ\AppData\Local\Android\Sdk\tools;C:\Users\FWJ\AppData\Local\Android\Sdk\tools\bin;C:\Users\FWJ\AppData\Local\Microsoft\WindowsApps;D:\VScode\Microsoft VS Code\bin;C:\Users\FWJ\AppData\Roaming\npm;C:\Users\FWJ\AppData\Local\Yarn\bin;

Yarn version: 
  1.22.5

Node version: 
  12.16.3

Platform: 
  win32 x64

Trace: 
  SyntaxError: C:\Users\FWJ\Desktop\前端笔记\REACT\MY-REACT\umi-demo2\package.json: Unexpected token / in JSON at position 224
      at JSON.parse (<anonymous>)
      at C:\Program Files (x86)\Yarn\lib\cli.js:1625:59
      at Generator.next (<anonymous>)
      at step (C:\Program Files (x86)\Yarn\lib\cli.js:310:30)
      at C:\Program Files (x86)\Yarn\lib\cli.js:321:13

npm manifest: 
  {
    "name": "umi-demo2",
    "version": "1.0.0",
    "description": "",
    "main": "index.js",
    "scripts": {
      "test": "echo \"Error: no test specified\" && exit 1"
    },
    "keywords": [],
    "author": "",
    "license": "ISC",
    // "dependencies": {
    //   "umi": "^3",
    //   "@umijs/preset-react": "^1"
    // }
  }

yarn manifest: 
  No manifest

Lockfile: 
  No lockfile
